{"C:\\Users\\sofia\\ToDoList\\todo_list.js": {"path":"C:\\Users\\sofia\\ToDoList\\todo_list.js","statementMap":{"0":{"start":{"line":1,"column":18},"end":{"line":1,"column":54}},"1":{"start":{"line":2,"column":19},"end":{"line":2,"column":56}},"2":{"start":{"line":3,"column":17},"end":{"line":3,"column":52}},"3":{"start":{"line":4,"column":26},"end":{"line":4,"column":70}},"4":{"start":{"line":7,"column":12},"end":{"line":7,"column":14}},"5":{"start":{"line":10,"column":21},"end":{"line":10,"column":43}},"6":{"start":{"line":11,"column":4},"end":{"line":15,"column":5}},"7":{"start":{"line":12,"column":8},"end":{"line":12,"column":37}},"8":{"start":{"line":13,"column":8},"end":{"line":13,"column":29}},"9":{"start":{"line":16,"column":4},"end":{"line":16,"column":44}},"10":{"start":{"line":21,"column":0},"end":{"line":21,"column":29}}},"fnMap":{"0":{"name":"addTask","decl":{"start":{"line":9,"column":9},"end":{"line":9,"column":16}},"loc":{"start":{"line":9,"column":36},"end":{"line":17,"column":1}},"line":9}},"branchMap":{"0":{"loc":{"start":{"line":11,"column":4},"end":{"line":15,"column":5}},"type":"if","locations":[{"start":{"line":11,"column":4},"end":{"line":15,"column":5}},{"start":{},"end":{}}],"line":11}},"s":{"0":1,"1":1,"2":1,"3":1,"4":1,"5":6,"6":6,"7":5,"8":5,"9":6,"10":1},"f":{"0":6},"b":{"0":[5,1]},"_coverageSchema":"1a1c01bbd47fc00a2c39e90264f33305004495a9","hash":"974fee1bd3b9c680d0ebd197c64e7b4ab73999f0"}
}
